[0.013s] Invoking command in '/home/wonho/roscpp_test/build/my_first_package_cpp': CMAKE_PREFIX_PATH=${CMAKE_PREFIX_PATH}:/home/wonho/addInEdu_devWs/basicClass/ros/ros7/install/my_first_package:/opt/ros/jazzy DEBUGINFOD_URLS=https://debuginfod.ubuntu.com /usr/bin/cmake --build /home/wonho/roscpp_test/build/my_first_package_cpp -- -j16 -l16
[0.046s] -- Found ament_cmake: 2.5.4 (/opt/ros/jazzy/share/ament_cmake/cmake)
[0.296s] -- Found ament_lint_auto: 0.17.3 (/opt/ros/jazzy/share/ament_lint_auto/cmake)
[0.400s] -- Added test 'cppcheck' to perform static code analysis on C / C++ code
[0.400s] -- Configured cppcheck include dirs: $<BUILD_INTERFACE:/home/wonho/roscpp_test/src/my_first_package_cpp/include>
[0.400s] -- Configured cppcheck exclude dirs and/or files: 
[0.401s] -- Added test 'lint_cmake' to check CMake code style
[0.402s] -- Added test 'uncrustify' to check C / C++ code style
[0.402s] -- Configured uncrustify additional arguments: 
[0.402s] -- Added test 'xmllint' to check XML markup files
[0.403s] -- Configuring done (0.4s)
[0.410s] -- Generating done (0.0s)
[0.413s] -- Build files have been written to: /home/wonho/roscpp_test/build/my_first_package_cpp
[0.455s] [ 75%] [32mBuilding CXX object CMakeFiles/my_subscription_cpp.dir/src/my_subscription_cpp.cpp.o[0m
[0.455s] [ 75%] Built target my_first_node_cpp
[0.476s] [100%] [32m[1mLinking CXX executable my_subscription_cpp[0m
[0.507s] /usr/bin/ld: /usr/lib/gcc/x86_64-linux-gnu/13/../../../x86_64-linux-gnu/Scrt1.o: in function `_start':
[0.507s] (.text+0x1b): undefined reference to `main'
[0.508s] collect2: error: ld returned 1 exit status
[0.511s] gmake[2]: *** [CMakeFiles/my_subscription_cpp.dir/build.make:97: my_subscription_cpp] Error 1
[0.511s] gmake[1]: *** [CMakeFiles/Makefile2:165: CMakeFiles/my_subscription_cpp.dir/all] Error 2
[0.511s] gmake: *** [Makefile:146: all] Error 2
[0.513s] Invoked command in '/home/wonho/roscpp_test/build/my_first_package_cpp' returned '2': CMAKE_PREFIX_PATH=${CMAKE_PREFIX_PATH}:/home/wonho/addInEdu_devWs/basicClass/ros/ros7/install/my_first_package:/opt/ros/jazzy DEBUGINFOD_URLS=https://debuginfod.ubuntu.com /usr/bin/cmake --build /home/wonho/roscpp_test/build/my_first_package_cpp -- -j16 -l16
