[0.013s] Invoking command in '/home/wonho/roscpp_test/build/my_first_package_cpp': CMAKE_PREFIX_PATH=${CMAKE_PREFIX_PATH}:/home/wonho/addInEdu_devWs/basicClass/ros/ros7/install/my_first_package:/opt/ros/jazzy DEBUGINFOD_URLS=https://debuginfod.ubuntu.com /usr/bin/cmake --build /home/wonho/roscpp_test/build/my_first_package_cpp -- -j16 -l16
[0.087s] [100%] Built target my_first_node_cpp
[0.103s] Invoked command in '/home/wonho/roscpp_test/build/my_first_package_cpp' returned '0': CMAKE_PREFIX_PATH=${CMAKE_PREFIX_PATH}:/home/wonho/addInEdu_devWs/basicClass/ros/ros7/install/my_first_package:/opt/ros/jazzy DEBUGINFOD_URLS=https://debuginfod.ubuntu.com /usr/bin/cmake --build /home/wonho/roscpp_test/build/my_first_package_cpp -- -j16 -l16
[0.117s] Invoking command in '/home/wonho/roscpp_test/build/my_first_package_cpp': CMAKE_PREFIX_PATH=${CMAKE_PREFIX_PATH}:/home/wonho/addInEdu_devWs/basicClass/ros/ros7/install/my_first_package:/opt/ros/jazzy DEBUGINFOD_URLS=https://debuginfod.ubuntu.com /usr/bin/cmake --install /home/wonho/roscpp_test/build/my_first_package_cpp
[0.129s] -- Install configuration: ""
[0.129s] -- Up-to-date: /home/wonho/roscpp_test/install/my_first_package_cpp/lib/my_first_package_cpp/my_first_node_cpp
[0.129s] -- Up-to-date: /home/wonho/roscpp_test/install/my_first_package_cpp/share/ament_index/resource_index/package_run_dependencies/my_first_package_cpp
[0.130s] -- Up-to-date: /home/wonho/roscpp_test/install/my_first_package_cpp/share/ament_index/resource_index/parent_prefix_path/my_first_package_cpp
[0.130s] -- Up-to-date: /home/wonho/roscpp_test/install/my_first_package_cpp/share/my_first_package_cpp/environment/ament_prefix_path.sh
[0.130s] -- Up-to-date: /home/wonho/roscpp_test/install/my_first_package_cpp/share/my_first_package_cpp/environment/ament_prefix_path.dsv
[0.130s] -- Up-to-date: /home/wonho/roscpp_test/install/my_first_package_cpp/share/my_first_package_cpp/environment/path.sh
[0.130s] -- Up-to-date: /home/wonho/roscpp_test/install/my_first_package_cpp/share/my_first_package_cpp/environment/path.dsv
[0.130s] -- Up-to-date: /home/wonho/roscpp_test/install/my_first_package_cpp/share/my_first_package_cpp/local_setup.bash
[0.130s] -- Up-to-date: /home/wonho/roscpp_test/install/my_first_package_cpp/share/my_first_package_cpp/local_setup.sh
[0.130s] -- Up-to-date: /home/wonho/roscpp_test/install/my_first_package_cpp/share/my_first_package_cpp/local_setup.zsh
[0.130s] -- Up-to-date: /home/wonho/roscpp_test/install/my_first_package_cpp/share/my_first_package_cpp/local_setup.dsv
[0.130s] -- Up-to-date: /home/wonho/roscpp_test/install/my_first_package_cpp/share/my_first_package_cpp/package.dsv
[0.130s] -- Up-to-date: /home/wonho/roscpp_test/install/my_first_package_cpp/share/ament_index/resource_index/packages/my_first_package_cpp
[0.131s] -- Up-to-date: /home/wonho/roscpp_test/install/my_first_package_cpp/share/my_first_package_cpp/cmake/my_first_package_cppConfig.cmake
[0.131s] -- Up-to-date: /home/wonho/roscpp_test/install/my_first_package_cpp/share/my_first_package_cpp/cmake/my_first_package_cppConfig-version.cmake
[0.131s] -- Up-to-date: /home/wonho/roscpp_test/install/my_first_package_cpp/share/my_first_package_cpp/package.xml
[0.133s] Invoked command in '/home/wonho/roscpp_test/build/my_first_package_cpp' returned '0': CMAKE_PREFIX_PATH=${CMAKE_PREFIX_PATH}:/home/wonho/addInEdu_devWs/basicClass/ros/ros7/install/my_first_package:/opt/ros/jazzy DEBUGINFOD_URLS=https://debuginfod.ubuntu.com /usr/bin/cmake --install /home/wonho/roscpp_test/build/my_first_package_cpp
