[0.008s] Invoking command in '/home/wonho/roscpp_test/build/my_first_package_cpp': CMAKE_PREFIX_PATH=${CMAKE_PREFIX_PATH}:/home/wonho/addInEdu_devWs/basicClass/ros/ros7/install/my_first_package:/opt/ros/jazzy DEBUGINFOD_URLS=https://debuginfod.ubuntu.com /usr/bin/cmake /home/wonho/roscpp_test/src/my_first_package_cpp -DCMAKE_INSTALL_PREFIX=/home/wonho/roscpp_test/install/my_first_package_cpp
[0.095s] -- The C compiler identification is GNU 13.3.0
[0.170s] -- The CXX compiler identification is GNU 13.3.0
[0.189s] -- Detecting C compiler ABI info
[0.283s] -- Detecting C compiler ABI info - done
[0.290s] -- Check for working C compiler: /usr/bin/cc - skipped
[0.290s] -- Detecting C compile features
[0.290s] -- Detecting C compile features - done
[0.300s] -- Detecting CXX compiler ABI info
[0.397s] -- Detecting CXX compiler ABI info - done
[0.406s] -- Check for working CXX compiler: /usr/bin/c++ - skipped
[0.406s] -- Detecting CXX compile features
[0.406s] -- Detecting CXX compile features - done
[0.417s] -- Found ament_cmake: 2.5.4 (/opt/ros/jazzy/share/ament_cmake/cmake)
[0.561s] -- Found Python3: /usr/bin/python3 (found version "3.12.3") found components: Interpreter 
[0.681s] -- Found ament_lint_auto: 0.17.3 (/opt/ros/jazzy/share/ament_lint_auto/cmake)
[0.783s] -- Added test 'cppcheck' to perform static code analysis on C / C++ code
[0.784s] -- Configured cppcheck include dirs: $<BUILD_INTERFACE:/home/wonho/roscpp_test/src/my_first_package_cpp/include>
[0.784s] -- Configured cppcheck exclude dirs and/or files: 
[0.785s] -- Added test 'lint_cmake' to check CMake code style
[0.786s] -- Added test 'uncrustify' to check C / C++ code style
[0.786s] -- Configured uncrustify additional arguments: 
[0.786s] -- Added test 'xmllint' to check XML markup files
[0.788s] -- Configuring done (0.8s)
[0.792s] -- Generating done (0.0s)
[0.794s] -- Build files have been written to: /home/wonho/roscpp_test/build/my_first_package_cpp
[0.800s] Invoked command in '/home/wonho/roscpp_test/build/my_first_package_cpp' returned '0': CMAKE_PREFIX_PATH=${CMAKE_PREFIX_PATH}:/home/wonho/addInEdu_devWs/basicClass/ros/ros7/install/my_first_package:/opt/ros/jazzy DEBUGINFOD_URLS=https://debuginfod.ubuntu.com /usr/bin/cmake /home/wonho/roscpp_test/src/my_first_package_cpp -DCMAKE_INSTALL_PREFIX=/home/wonho/roscpp_test/install/my_first_package_cpp
[0.801s] Invoking command in '/home/wonho/roscpp_test/build/my_first_package_cpp': CMAKE_PREFIX_PATH=${CMAKE_PREFIX_PATH}:/home/wonho/addInEdu_devWs/basicClass/ros/ros7/install/my_first_package:/opt/ros/jazzy DEBUGINFOD_URLS=https://debuginfod.ubuntu.com /usr/bin/cmake --build /home/wonho/roscpp_test/build/my_first_package_cpp -- -j16 -l16
[0.856s] [ 50%] [32mBuilding CXX object CMakeFiles/my_first_node_cpp.dir/src/my_first_node_cpp.cpp.o[0m
[0.885s] [100%] [32m[1mLinking CXX executable my_first_node_cpp[0m
[0.929s] [100%] Built target my_first_node_cpp
[0.941s] Invoked command in '/home/wonho/roscpp_test/build/my_first_package_cpp' returned '0': CMAKE_PREFIX_PATH=${CMAKE_PREFIX_PATH}:/home/wonho/addInEdu_devWs/basicClass/ros/ros7/install/my_first_package:/opt/ros/jazzy DEBUGINFOD_URLS=https://debuginfod.ubuntu.com /usr/bin/cmake --build /home/wonho/roscpp_test/build/my_first_package_cpp -- -j16 -l16
[0.952s] Invoking command in '/home/wonho/roscpp_test/build/my_first_package_cpp': CMAKE_PREFIX_PATH=${CMAKE_PREFIX_PATH}:/home/wonho/addInEdu_devWs/basicClass/ros/ros7/install/my_first_package:/opt/ros/jazzy DEBUGINFOD_URLS=https://debuginfod.ubuntu.com /usr/bin/cmake --install /home/wonho/roscpp_test/build/my_first_package_cpp
[0.961s] -- Install configuration: ""
[0.961s] -- Installing: /home/wonho/roscpp_test/install/my_first_package_cpp/lib/my_first_package_cpp/my_first_node_cpp
[0.961s] -- Installing: /home/wonho/roscpp_test/install/my_first_package_cpp/share/ament_index/resource_index/package_run_dependencies/my_first_package_cpp
[0.961s] -- Installing: /home/wonho/roscpp_test/install/my_first_package_cpp/share/ament_index/resource_index/parent_prefix_path/my_first_package_cpp
[0.961s] -- Installing: /home/wonho/roscpp_test/install/my_first_package_cpp/share/my_first_package_cpp/environment/ament_prefix_path.sh
[0.961s] -- Installing: /home/wonho/roscpp_test/install/my_first_package_cpp/share/my_first_package_cpp/environment/ament_prefix_path.dsv
[0.961s] -- Installing: /home/wonho/roscpp_test/install/my_first_package_cpp/share/my_first_package_cpp/environment/path.sh
[0.961s] -- Installing: /home/wonho/roscpp_test/install/my_first_package_cpp/share/my_first_package_cpp/environment/path.dsv
[0.961s] -- Installing: /home/wonho/roscpp_test/install/my_first_package_cpp/share/my_first_package_cpp/local_setup.bash
[0.962s] -- Installing: /home/wonho/roscpp_test/install/my_first_package_cpp/share/my_first_package_cpp/local_setup.sh
[0.962s] -- Installing: /home/wonho/roscpp_test/install/my_first_package_cpp/share/my_first_package_cpp/local_setup.zsh
[0.962s] -- Installing: /home/wonho/roscpp_test/install/my_first_package_cpp/share/my_first_package_cpp/local_setup.dsv
[0.962s] -- Installing: /home/wonho/roscpp_test/install/my_first_package_cpp/share/my_first_package_cpp/package.dsv
[0.962s] -- Installing: /home/wonho/roscpp_test/install/my_first_package_cpp/share/ament_index/resource_index/packages/my_first_package_cpp
[0.962s] -- Installing: /home/wonho/roscpp_test/install/my_first_package_cpp/share/my_first_package_cpp/cmake/my_first_package_cppConfig.cmake
[0.962s] -- Installing: /home/wonho/roscpp_test/install/my_first_package_cpp/share/my_first_package_cpp/cmake/my_first_package_cppConfig-version.cmake
[0.962s] -- Installing: /home/wonho/roscpp_test/install/my_first_package_cpp/share/my_first_package_cpp/package.xml
[0.964s] Invoked command in '/home/wonho/roscpp_test/build/my_first_package_cpp' returned '0': CMAKE_PREFIX_PATH=${CMAKE_PREFIX_PATH}:/home/wonho/addInEdu_devWs/basicClass/ros/ros7/install/my_first_package:/opt/ros/jazzy DEBUGINFOD_URLS=https://debuginfod.ubuntu.com /usr/bin/cmake --install /home/wonho/roscpp_test/build/my_first_package_cpp
