[0.136s] DEBUG:colcon:Command line arguments: ['/usr/bin/colcon', 'build']
[0.136s] DEBUG:colcon:Parsed command line arguments: Namespace(log_base=None, log_level=None, verb_name='build', build_base='build', install_base='install', merge_install=False, symlink_install=False, test_result_base=None, continue_on_error=False, executor='parallel', parallel_workers=16, event_handlers=None, ignore_user_meta=False, metas=['./colcon.meta'], base_paths=['.'], packages_ignore=None, packages_ignore_regex=None, paths=None, packages_up_to=None, packages_up_to_regex=None, packages_above=None, packages_above_and_dependencies=None, packages_above_depth=None, packages_select_by_dep=None, packages_skip_by_dep=None, packages_skip_up_to=None, packages_select_build_failed=False, packages_skip_build_finished=False, packages_select_test_failures=False, packages_skip_test_passed=False, packages_select=None, packages_skip=None, packages_select_regex=None, packages_skip_regex=None, packages_start=None, packages_end=None, allow_overriding=[], cmake_args=None, cmake_target=None, cmake_target_skip_unavailable=False, cmake_clean_cache=False, cmake_clean_first=False, cmake_force_configure=False, ament_cmake_args=None, catkin_cmake_args=None, catkin_skip_building_tests=False, mixin_files=None, mixin=None, verb_parser=<colcon_mixin.mixin.mixin_argument.MixinArgumentDecorator object at 0x7ad7581b3350>, verb_extension=<colcon_core.verb.build.BuildVerb object at 0x7ad7581b3050>, main=<bound method BuildVerb.main of <colcon_core.verb.build.BuildVerb object at 0x7ad7581b3050>>, mixin_verb=('build',))
[0.180s] Level 1:colcon.colcon_core.package_discovery:discover_packages(colcon_meta) check parameters
[0.180s] Level 1:colcon.colcon_core.package_discovery:discover_packages(recursive) check parameters
[0.180s] Level 1:colcon.colcon_core.package_discovery:discover_packages(ignore) check parameters
[0.180s] Level 1:colcon.colcon_core.package_discovery:discover_packages(path) check parameters
[0.180s] Level 1:colcon.colcon_core.package_discovery:discover_packages(colcon_meta) discover
[0.180s] Level 1:colcon.colcon_core.package_discovery:discover_packages(recursive) discover
[0.181s] INFO:colcon.colcon_core.package_discovery:Crawling recursively for packages in '/home/wonho/roscpp_test'
[0.181s] Level 1:colcon.colcon_core.package_identification:_identify(.) by extensions ['ignore', 'ignore_ament_install']
[0.181s] Level 1:colcon.colcon_core.package_identification:_identify(.) by extension 'ignore'
[0.181s] Level 1:colcon.colcon_core.package_identification:_identify(.) by extension 'ignore_ament_install'
[0.181s] Level 1:colcon.colcon_core.package_identification:_identify(.) by extensions ['colcon_pkg']
[0.181s] Level 1:colcon.colcon_core.package_identification:_identify(.) by extension 'colcon_pkg'
[0.181s] Level 1:colcon.colcon_core.package_identification:_identify(.) by extensions ['colcon_meta']
[0.181s] Level 1:colcon.colcon_core.package_identification:_identify(.) by extension 'colcon_meta'
[0.181s] Level 1:colcon.colcon_core.package_identification:_identify(.) by extensions ['ros']
[0.181s] Level 1:colcon.colcon_core.package_identification:_identify(.) by extension 'ros'
[0.207s] Level 1:colcon.colcon_core.package_identification:_identify(.) by extensions ['cmake', 'python']
[0.207s] Level 1:colcon.colcon_core.package_identification:_identify(.) by extension 'cmake'
[0.207s] Level 1:colcon.colcon_core.package_identification:_identify(.) by extension 'python'
[0.207s] Level 1:colcon.colcon_core.package_identification:_identify(.) by extensions ['python_setup_py']
[0.207s] Level 1:colcon.colcon_core.package_identification:_identify(.) by extension 'python_setup_py'
[0.208s] Level 1:colcon.colcon_core.package_identification:_identify(build) by extensions ['ignore', 'ignore_ament_install']
[0.208s] Level 1:colcon.colcon_core.package_identification:_identify(build) by extension 'ignore'
[0.208s] Level 1:colcon.colcon_core.package_identification:_identify(build) ignored
[0.208s] Level 1:colcon.colcon_core.package_identification:_identify(install) by extensions ['ignore', 'ignore_ament_install']
[0.208s] Level 1:colcon.colcon_core.package_identification:_identify(install) by extension 'ignore'
[0.208s] Level 1:colcon.colcon_core.package_identification:_identify(install) ignored
[0.208s] Level 1:colcon.colcon_core.package_identification:_identify(log) by extensions ['ignore', 'ignore_ament_install']
[0.208s] Level 1:colcon.colcon_core.package_identification:_identify(log) by extension 'ignore'
[0.208s] Level 1:colcon.colcon_core.package_identification:_identify(log) ignored
[0.208s] Level 1:colcon.colcon_core.package_identification:_identify(src) by extensions ['ignore', 'ignore_ament_install']
[0.208s] Level 1:colcon.colcon_core.package_identification:_identify(src) by extension 'ignore'
[0.208s] Level 1:colcon.colcon_core.package_identification:_identify(src) by extension 'ignore_ament_install'
[0.209s] Level 1:colcon.colcon_core.package_identification:_identify(src) by extensions ['colcon_pkg']
[0.209s] Level 1:colcon.colcon_core.package_identification:_identify(src) by extension 'colcon_pkg'
[0.209s] Level 1:colcon.colcon_core.package_identification:_identify(src) by extensions ['colcon_meta']
[0.209s] Level 1:colcon.colcon_core.package_identification:_identify(src) by extension 'colcon_meta'
[0.209s] Level 1:colcon.colcon_core.package_identification:_identify(src) by extensions ['ros']
[0.209s] Level 1:colcon.colcon_core.package_identification:_identify(src) by extension 'ros'
[0.209s] Level 1:colcon.colcon_core.package_identification:_identify(src) by extensions ['cmake', 'python']
[0.209s] Level 1:colcon.colcon_core.package_identification:_identify(src) by extension 'cmake'
[0.209s] Level 1:colcon.colcon_core.package_identification:_identify(src) by extension 'python'
[0.209s] Level 1:colcon.colcon_core.package_identification:_identify(src) by extensions ['python_setup_py']
[0.209s] Level 1:colcon.colcon_core.package_identification:_identify(src) by extension 'python_setup_py'
[0.209s] Level 1:colcon.colcon_core.package_identification:_identify(src/my_first_package_cpp) by extensions ['ignore', 'ignore_ament_install']
[0.209s] Level 1:colcon.colcon_core.package_identification:_identify(src/my_first_package_cpp) by extension 'ignore'
[0.209s] Level 1:colcon.colcon_core.package_identification:_identify(src/my_first_package_cpp) by extension 'ignore_ament_install'
[0.209s] Level 1:colcon.colcon_core.package_identification:_identify(src/my_first_package_cpp) by extensions ['colcon_pkg']
[0.209s] Level 1:colcon.colcon_core.package_identification:_identify(src/my_first_package_cpp) by extension 'colcon_pkg'
[0.209s] Level 1:colcon.colcon_core.package_identification:_identify(src/my_first_package_cpp) by extensions ['colcon_meta']
[0.209s] Level 1:colcon.colcon_core.package_identification:_identify(src/my_first_package_cpp) by extension 'colcon_meta'
[0.209s] Level 1:colcon.colcon_core.package_identification:_identify(src/my_first_package_cpp) by extensions ['ros']
[0.209s] Level 1:colcon.colcon_core.package_identification:_identify(src/my_first_package_cpp) by extension 'ros'
[0.212s] DEBUG:colcon.colcon_core.package_identification:Package 'src/my_first_package_cpp' with type 'ros.ament_cmake' and name 'my_first_package_cpp'
[0.212s] Level 1:colcon.colcon_core.package_discovery:discover_packages(recursive) using defaults
[0.212s] Level 1:colcon.colcon_core.package_discovery:discover_packages(ignore) discover
[0.212s] Level 1:colcon.colcon_core.package_discovery:discover_packages(ignore) using defaults
[0.212s] Level 1:colcon.colcon_core.package_discovery:discover_packages(path) discover
[0.212s] Level 1:colcon.colcon_core.package_discovery:discover_packages(path) using defaults
[0.230s] Level 1:colcon.colcon_core.package_discovery:discover_packages(prefix_path) check parameters
[0.230s] Level 1:colcon.colcon_core.package_discovery:discover_packages(prefix_path) discover
[0.232s] DEBUG:colcon.colcon_installed_package_information.package_discovery:Found 1 installed packages in /home/wonho/roscpp_test/install
[0.233s] DEBUG:colcon.colcon_installed_package_information.package_discovery:Found 1 installed packages in /home/wonho/addInEdu_devWs/basicClass/ros/ros7/install
[0.235s] DEBUG:colcon.colcon_installed_package_information.package_discovery:Found 381 installed packages in /opt/ros/jazzy
[0.237s] Level 1:colcon.colcon_core.package_discovery:discover_packages(prefix_path) using defaults
[0.290s] Level 5:colcon.colcon_core.verb:set package 'my_first_package_cpp' build argument 'cmake_args' from command line to 'None'
[0.290s] Level 5:colcon.colcon_core.verb:set package 'my_first_package_cpp' build argument 'cmake_target' from command line to 'None'
[0.291s] Level 5:colcon.colcon_core.verb:set package 'my_first_package_cpp' build argument 'cmake_target_skip_unavailable' from command line to 'False'
[0.291s] Level 5:colcon.colcon_core.verb:set package 'my_first_package_cpp' build argument 'cmake_clean_cache' from command line to 'False'
[0.291s] Level 5:colcon.colcon_core.verb:set package 'my_first_package_cpp' build argument 'cmake_clean_first' from command line to 'False'
[0.291s] Level 5:colcon.colcon_core.verb:set package 'my_first_package_cpp' build argument 'cmake_force_configure' from command line to 'False'
[0.291s] Level 5:colcon.colcon_core.verb:set package 'my_first_package_cpp' build argument 'ament_cmake_args' from command line to 'None'
[0.291s] Level 5:colcon.colcon_core.verb:set package 'my_first_package_cpp' build argument 'catkin_cmake_args' from command line to 'None'
[0.291s] Level 5:colcon.colcon_core.verb:set package 'my_first_package_cpp' build argument 'catkin_skip_building_tests' from command line to 'False'
[0.291s] DEBUG:colcon.colcon_core.verb:Building package 'my_first_package_cpp' with the following arguments: {'ament_cmake_args': None, 'build_base': '/home/wonho/roscpp_test/build/my_first_package_cpp', 'catkin_cmake_args': None, 'catkin_skip_building_tests': False, 'cmake_args': None, 'cmake_clean_cache': False, 'cmake_clean_first': False, 'cmake_force_configure': False, 'cmake_target': None, 'cmake_target_skip_unavailable': False, 'install_base': '/home/wonho/roscpp_test/install/my_first_package_cpp', 'merge_install': False, 'path': '/home/wonho/roscpp_test/src/my_first_package_cpp', 'symlink_install': False, 'test_result_base': None}
[0.291s] INFO:colcon.colcon_core.executor:Executing jobs using 'parallel' executor
[0.292s] DEBUG:colcon.colcon_parallel_executor.executor.parallel:run_until_complete
[0.292s] INFO:colcon.colcon_ros.task.ament_cmake.build:Building ROS package in '/home/wonho/roscpp_test/src/my_first_package_cpp' with build type 'ament_cmake'
[0.292s] INFO:colcon.colcon_cmake.task.cmake.build:Building CMake package in '/home/wonho/roscpp_test/src/my_first_package_cpp'
[0.294s] INFO:colcon.colcon_core.plugin_system:Skipping extension 'colcon_core.shell.bat': Not used on non-Windows systems
[0.295s] INFO:colcon.colcon_core.shell:Skip shell extension 'powershell' for command environment: Not usable outside of PowerShell
[0.295s] DEBUG:colcon.colcon_core.shell:Skip shell extension 'dsv' for command environment
[0.306s] DEBUG:colcon.colcon_core.event_handler.log_command:Invoking command in '/home/wonho/roscpp_test/build/my_first_package_cpp': CMAKE_PREFIX_PATH=${CMAKE_PREFIX_PATH}:/home/wonho/addInEdu_devWs/basicClass/ros/ros7/install/my_first_package:/opt/ros/jazzy DEBUGINFOD_URLS=https://debuginfod.ubuntu.com /usr/bin/cmake --build /home/wonho/roscpp_test/build/my_first_package_cpp -- -j16 -l16
[4.300s] DEBUG:colcon.colcon_core.event_handler.log_command:Invoked command in '/home/wonho/roscpp_test/build/my_first_package_cpp' returned '0': CMAKE_PREFIX_PATH=${CMAKE_PREFIX_PATH}:/home/wonho/addInEdu_devWs/basicClass/ros/ros7/install/my_first_package:/opt/ros/jazzy DEBUGINFOD_URLS=https://debuginfod.ubuntu.com /usr/bin/cmake --build /home/wonho/roscpp_test/build/my_first_package_cpp -- -j16 -l16
[4.311s] DEBUG:colcon.colcon_core.event_handler.log_command:Invoking command in '/home/wonho/roscpp_test/build/my_first_package_cpp': CMAKE_PREFIX_PATH=${CMAKE_PREFIX_PATH}:/home/wonho/addInEdu_devWs/basicClass/ros/ros7/install/my_first_package:/opt/ros/jazzy DEBUGINFOD_URLS=https://debuginfod.ubuntu.com /usr/bin/cmake --install /home/wonho/roscpp_test/build/my_first_package_cpp
[4.324s] Level 1:colcon.colcon_core.environment:create_environment_scripts_only(my_first_package_cpp)
[4.324s] DEBUG:colcon.colcon_core.event_handler.log_command:Invoked command in '/home/wonho/roscpp_test/build/my_first_package_cpp' returned '0': CMAKE_PREFIX_PATH=${CMAKE_PREFIX_PATH}:/home/wonho/addInEdu_devWs/basicClass/ros/ros7/install/my_first_package:/opt/ros/jazzy DEBUGINFOD_URLS=https://debuginfod.ubuntu.com /usr/bin/cmake --install /home/wonho/roscpp_test/build/my_first_package_cpp
[4.325s] Level 1:colcon.colcon_core.environment:checking '/home/wonho/roscpp_test/install/my_first_package_cpp' for CMake module files
[4.326s] Level 1:colcon.colcon_core.environment:checking '/home/wonho/roscpp_test/install/my_first_package_cpp' for CMake config files
[4.326s] Level 1:colcon.colcon_core.shell:create_environment_hook('my_first_package_cpp', 'cmake_prefix_path')
[4.326s] INFO:colcon.colcon_core.shell:Creating environment hook '/home/wonho/roscpp_test/install/my_first_package_cpp/share/my_first_package_cpp/hook/cmake_prefix_path.ps1'
[4.327s] INFO:colcon.colcon_core.shell:Creating environment descriptor '/home/wonho/roscpp_test/install/my_first_package_cpp/share/my_first_package_cpp/hook/cmake_prefix_path.dsv'
[4.327s] INFO:colcon.colcon_core.shell:Creating environment hook '/home/wonho/roscpp_test/install/my_first_package_cpp/share/my_first_package_cpp/hook/cmake_prefix_path.sh'
[4.327s] Level 1:colcon.colcon_core.environment:checking '/home/wonho/roscpp_test/install/my_first_package_cpp/lib'
[4.328s] Level 1:colcon.colcon_core.environment:checking '/home/wonho/roscpp_test/install/my_first_package_cpp/bin'
[4.328s] Level 1:colcon.colcon_core.environment:checking '/home/wonho/roscpp_test/install/my_first_package_cpp/lib/pkgconfig/my_first_package_cpp.pc'
[4.328s] Level 1:colcon.colcon_core.environment:checking '/home/wonho/roscpp_test/install/my_first_package_cpp/lib/python3.12/site-packages'
[4.328s] Level 1:colcon.colcon_core.environment:checking '/home/wonho/roscpp_test/install/my_first_package_cpp/bin'
[4.328s] INFO:colcon.colcon_core.shell:Creating package script '/home/wonho/roscpp_test/install/my_first_package_cpp/share/my_first_package_cpp/package.ps1'
[4.328s] INFO:colcon.colcon_core.shell:Creating package descriptor '/home/wonho/roscpp_test/install/my_first_package_cpp/share/my_first_package_cpp/package.dsv'
[4.329s] INFO:colcon.colcon_core.shell:Creating package script '/home/wonho/roscpp_test/install/my_first_package_cpp/share/my_first_package_cpp/package.sh'
[4.329s] INFO:colcon.colcon_core.shell:Creating package script '/home/wonho/roscpp_test/install/my_first_package_cpp/share/my_first_package_cpp/package.bash'
[4.330s] INFO:colcon.colcon_core.shell:Creating package script '/home/wonho/roscpp_test/install/my_first_package_cpp/share/my_first_package_cpp/package.zsh'
[4.330s] Level 1:colcon.colcon_core.environment:create_file_with_runtime_dependencies(/home/wonho/roscpp_test/install/my_first_package_cpp/share/colcon-core/packages/my_first_package_cpp)
[4.330s] Level 1:colcon.colcon_core.environment:create_environment_scripts_only(my_first_package_cpp)
[4.330s] Level 1:colcon.colcon_core.environment:checking '/home/wonho/roscpp_test/install/my_first_package_cpp' for CMake module files
[4.331s] Level 1:colcon.colcon_core.environment:checking '/home/wonho/roscpp_test/install/my_first_package_cpp' for CMake config files
[4.331s] Level 1:colcon.colcon_core.shell:create_environment_hook('my_first_package_cpp', 'cmake_prefix_path')
[4.331s] INFO:colcon.colcon_core.shell:Creating environment hook '/home/wonho/roscpp_test/install/my_first_package_cpp/share/my_first_package_cpp/hook/cmake_prefix_path.ps1'
[4.331s] INFO:colcon.colcon_core.shell:Creating environment descriptor '/home/wonho/roscpp_test/install/my_first_package_cpp/share/my_first_package_cpp/hook/cmake_prefix_path.dsv'
[4.331s] INFO:colcon.colcon_core.shell:Creating environment hook '/home/wonho/roscpp_test/install/my_first_package_cpp/share/my_first_package_cpp/hook/cmake_prefix_path.sh'
[4.332s] Level 1:colcon.colcon_core.environment:checking '/home/wonho/roscpp_test/install/my_first_package_cpp/lib'
[4.332s] Level 1:colcon.colcon_core.environment:checking '/home/wonho/roscpp_test/install/my_first_package_cpp/bin'
[4.332s] Level 1:colcon.colcon_core.environment:checking '/home/wonho/roscpp_test/install/my_first_package_cpp/lib/pkgconfig/my_first_package_cpp.pc'
[4.332s] Level 1:colcon.colcon_core.environment:checking '/home/wonho/roscpp_test/install/my_first_package_cpp/lib/python3.12/site-packages'
[4.332s] Level 1:colcon.colcon_core.environment:checking '/home/wonho/roscpp_test/install/my_first_package_cpp/bin'
[4.332s] INFO:colcon.colcon_core.shell:Creating package script '/home/wonho/roscpp_test/install/my_first_package_cpp/share/my_first_package_cpp/package.ps1'
[4.333s] INFO:colcon.colcon_core.shell:Creating package descriptor '/home/wonho/roscpp_test/install/my_first_package_cpp/share/my_first_package_cpp/package.dsv'
[4.333s] INFO:colcon.colcon_core.shell:Creating package script '/home/wonho/roscpp_test/install/my_first_package_cpp/share/my_first_package_cpp/package.sh'
[4.333s] INFO:colcon.colcon_core.shell:Creating package script '/home/wonho/roscpp_test/install/my_first_package_cpp/share/my_first_package_cpp/package.bash'
[4.333s] INFO:colcon.colcon_core.shell:Creating package script '/home/wonho/roscpp_test/install/my_first_package_cpp/share/my_first_package_cpp/package.zsh'
[4.334s] Level 1:colcon.colcon_core.environment:create_file_with_runtime_dependencies(/home/wonho/roscpp_test/install/my_first_package_cpp/share/colcon-core/packages/my_first_package_cpp)
[4.334s] DEBUG:colcon.colcon_parallel_executor.executor.parallel:closing loop
[4.334s] DEBUG:colcon.colcon_parallel_executor.executor.parallel:loop closed
[4.334s] DEBUG:colcon.colcon_parallel_executor.executor.parallel:run_until_complete finished with '0'
[4.334s] DEBUG:colcon.colcon_core.event_reactor:joining thread
[4.339s] INFO:colcon.colcon_core.plugin_system:Skipping extension 'colcon_notification.desktop_notification.terminal_notifier': Not used on non-Darwin systems
[4.339s] INFO:colcon.colcon_core.plugin_system:Skipping extension 'colcon_notification.desktop_notification.win32': Not used on non-Windows systems
[4.339s] INFO:colcon.colcon_notification.desktop_notification:Sending desktop notification using 'notify2'
[4.347s] DEBUG:colcon.colcon_core.event_reactor:joined thread
[4.348s] INFO:colcon.colcon_core.shell:Creating prefix script '/home/wonho/roscpp_test/install/local_setup.ps1'
[4.349s] INFO:colcon.colcon_core.shell:Creating prefix util module '/home/wonho/roscpp_test/install/_local_setup_util_ps1.py'
[4.349s] INFO:colcon.colcon_core.shell:Creating prefix chain script '/home/wonho/roscpp_test/install/setup.ps1'
[4.350s] INFO:colcon.colcon_core.shell:Creating prefix script '/home/wonho/roscpp_test/install/local_setup.sh'
[4.351s] INFO:colcon.colcon_core.shell:Creating prefix util module '/home/wonho/roscpp_test/install/_local_setup_util_sh.py'
[4.351s] INFO:colcon.colcon_core.shell:Creating prefix chain script '/home/wonho/roscpp_test/install/setup.sh'
[4.352s] INFO:colcon.colcon_core.shell:Creating prefix script '/home/wonho/roscpp_test/install/local_setup.bash'
[4.352s] INFO:colcon.colcon_core.shell:Creating prefix chain script '/home/wonho/roscpp_test/install/setup.bash'
[4.353s] INFO:colcon.colcon_core.shell:Creating prefix script '/home/wonho/roscpp_test/install/local_setup.zsh'
[4.353s] INFO:colcon.colcon_core.shell:Creating prefix chain script '/home/wonho/roscpp_test/install/setup.zsh'
