[0.013s] Invoking command in '/home/wonho/roscpp_test/build/my_first_package_cpp': CMAKE_PREFIX_PATH=${CMAKE_PREFIX_PATH}:/home/wonho/addInEdu_devWs/basicClass/ros/ros7/install/my_first_package:/opt/ros/jazzy DEBUGINFOD_URLS=https://debuginfod.ubuntu.com /usr/bin/cmake --build /home/wonho/roscpp_test/build/my_first_package_cpp -- -j16 -l16
[0.046s] -- Found ament_cmake: 2.5.4 (/opt/ros/jazzy/share/ament_cmake/cmake)
[0.293s] -- Found rclcpp: 28.1.11 (/opt/ros/jazzy/share/rclcpp/cmake)
[0.327s] -- Found rosidl_generator_c: 4.6.6 (/opt/ros/jazzy/share/rosidl_generator_c/cmake)
[0.337s] -- Found rosidl_generator_cpp: 4.6.6 (/opt/ros/jazzy/share/rosidl_generator_cpp/cmake)
[0.350s] -- Using all available rosidl_typesupport_c: rosidl_typesupport_fastrtps_c;rosidl_typesupport_introspection_c
[0.364s] -- Using all available rosidl_typesupport_cpp: rosidl_typesupport_fastrtps_cpp;rosidl_typesupport_introspection_cpp
[0.411s] -- Found rmw_implementation_cmake: 7.3.2 (/opt/ros/jazzy/share/rmw_implementation_cmake/cmake)
[0.412s] -- Found rmw_fastrtps_cpp: 8.4.3 (/opt/ros/jazzy/share/rmw_fastrtps_cpp/cmake)
[0.468s] -- Using RMW implementation 'rmw_fastrtps_cpp' as default
[0.519s] -- Found geometry_msgs: 5.3.6 (/opt/ros/jazzy/share/geometry_msgs/cmake)
[0.544s] -- Found ament_lint_auto: 0.17.3 (/opt/ros/jazzy/share/ament_lint_auto/cmake)
[0.615s] -- Added test 'cppcheck' to perform static code analysis on C / C++ code
[0.615s] -- Configured cppcheck include dirs: $<BUILD_INTERFACE:/home/wonho/roscpp_test/src/my_first_package_cpp/include>
[0.615s] -- Configured cppcheck exclude dirs and/or files: 
[0.616s] -- Added test 'lint_cmake' to check CMake code style
[0.616s] -- Added test 'uncrustify' to check C / C++ code style
[0.616s] -- Configured uncrustify additional arguments: 
[0.616s] -- Added test 'xmllint' to check XML markup files
[0.617s] -- Configuring done (0.6s)
[0.627s] -- Generating done (0.0s)
[0.630s] -- Build files have been written to: /home/wonho/roscpp_test/build/my_first_package_cpp
[0.668s] [ 25%] [32mBuilding CXX object CMakeFiles/my_subscription_cpp.dir/src/my_subscription_cpp.cpp.o[0m
[0.669s] [ 75%] Built target my_first_node_cpp
[3.850s] [100%] [32m[1mLinking CXX executable my_subscription_cpp[0m
[3.996s] [100%] Built target my_subscription_cpp
[4.007s] Invoked command in '/home/wonho/roscpp_test/build/my_first_package_cpp' returned '0': CMAKE_PREFIX_PATH=${CMAKE_PREFIX_PATH}:/home/wonho/addInEdu_devWs/basicClass/ros/ros7/install/my_first_package:/opt/ros/jazzy DEBUGINFOD_URLS=https://debuginfod.ubuntu.com /usr/bin/cmake --build /home/wonho/roscpp_test/build/my_first_package_cpp -- -j16 -l16
[4.018s] Invoking command in '/home/wonho/roscpp_test/build/my_first_package_cpp': CMAKE_PREFIX_PATH=${CMAKE_PREFIX_PATH}:/home/wonho/addInEdu_devWs/basicClass/ros/ros7/install/my_first_package:/opt/ros/jazzy DEBUGINFOD_URLS=https://debuginfod.ubuntu.com /usr/bin/cmake --install /home/wonho/roscpp_test/build/my_first_package_cpp
[4.027s] -- Install configuration: ""
[4.027s] -- Up-to-date: /home/wonho/roscpp_test/install/my_first_package_cpp/lib/my_first_package_cpp/my_first_node_cpp
[4.027s] -- Installing: /home/wonho/roscpp_test/install/my_first_package_cpp/lib/my_first_package_cpp/my_subscription_cpp
[4.028s] -- Set non-toolchain portion of runtime path of "/home/wonho/roscpp_test/install/my_first_package_cpp/lib/my_first_package_cpp/my_subscription_cpp" to ""
[4.028s] -- Up-to-date: /home/wonho/roscpp_test/install/my_first_package_cpp/share/ament_index/resource_index/package_run_dependencies/my_first_package_cpp
[4.028s] -- Installing: /home/wonho/roscpp_test/install/my_first_package_cpp/share/ament_index/resource_index/parent_prefix_path/my_first_package_cpp
[4.029s] -- Up-to-date: /home/wonho/roscpp_test/install/my_first_package_cpp/share/my_first_package_cpp/environment/ament_prefix_path.sh
[4.029s] -- Up-to-date: /home/wonho/roscpp_test/install/my_first_package_cpp/share/my_first_package_cpp/environment/ament_prefix_path.dsv
[4.029s] -- Up-to-date: /home/wonho/roscpp_test/install/my_first_package_cpp/share/my_first_package_cpp/environment/path.sh
[4.029s] -- Up-to-date: /home/wonho/roscpp_test/install/my_first_package_cpp/share/my_first_package_cpp/environment/path.dsv
[4.029s] -- Up-to-date: /home/wonho/roscpp_test/install/my_first_package_cpp/share/my_first_package_cpp/local_setup.bash
[4.029s] -- Up-to-date: /home/wonho/roscpp_test/install/my_first_package_cpp/share/my_first_package_cpp/local_setup.sh
[4.029s] -- Up-to-date: /home/wonho/roscpp_test/install/my_first_package_cpp/share/my_first_package_cpp/local_setup.zsh
[4.029s] -- Up-to-date: /home/wonho/roscpp_test/install/my_first_package_cpp/share/my_first_package_cpp/local_setup.dsv
[4.029s] -- Installing: /home/wonho/roscpp_test/install/my_first_package_cpp/share/my_first_package_cpp/package.dsv
[4.029s] -- Up-to-date: /home/wonho/roscpp_test/install/my_first_package_cpp/share/ament_index/resource_index/packages/my_first_package_cpp
[4.029s] -- Up-to-date: /home/wonho/roscpp_test/install/my_first_package_cpp/share/my_first_package_cpp/cmake/my_first_package_cppConfig.cmake
[4.029s] -- Up-to-date: /home/wonho/roscpp_test/install/my_first_package_cpp/share/my_first_package_cpp/cmake/my_first_package_cppConfig-version.cmake
[4.029s] -- Up-to-date: /home/wonho/roscpp_test/install/my_first_package_cpp/share/my_first_package_cpp/package.xml
[4.031s] Invoked command in '/home/wonho/roscpp_test/build/my_first_package_cpp' returned '0': CMAKE_PREFIX_PATH=${CMAKE_PREFIX_PATH}:/home/wonho/addInEdu_devWs/basicClass/ros/ros7/install/my_first_package:/opt/ros/jazzy DEBUGINFOD_URLS=https://debuginfod.ubuntu.com /usr/bin/cmake --install /home/wonho/roscpp_test/build/my_first_package_cpp
