[0.014s] Invoking command in '/home/wonho/roscpp_test/build/my_first_package_cpp': CMAKE_PREFIX_PATH=${CMAKE_PREFIX_PATH}:/home/wonho/addInEdu_devWs/basicClass/ros/ros7/install/my_first_package:/opt/ros/jazzy DEBUGINFOD_URLS=https://debuginfod.ubuntu.com /usr/bin/cmake --build /home/wonho/roscpp_test/build/my_first_package_cpp -- -j16 -l16
[0.047s] -- Found ament_cmake: 2.5.4 (/opt/ros/jazzy/share/ament_cmake/cmake)
[0.307s] -- Found rclcpp: 28.1.11 (/opt/ros/jazzy/share/rclcpp/cmake)
[0.393s] -- Found rosidl_generator_c: 4.6.6 (/opt/ros/jazzy/share/rosidl_generator_c/cmake)
[0.410s] -- Found rosidl_generator_cpp: 4.6.6 (/opt/ros/jazzy/share/rosidl_generator_cpp/cmake)
[0.431s] -- Using all available rosidl_typesupport_c: rosidl_typesupport_fastrtps_c;rosidl_typesupport_introspection_c
[0.455s] -- Using all available rosidl_typesupport_cpp: rosidl_typesupport_fastrtps_cpp;rosidl_typesupport_introspection_cpp
[0.544s] -- Found rmw_implementation_cmake: 7.3.2 (/opt/ros/jazzy/share/rmw_implementation_cmake/cmake)
[0.549s] -- Found rmw_fastrtps_cpp: 8.4.3 (/opt/ros/jazzy/share/rmw_fastrtps_cpp/cmake)
[0.654s] -- Found OpenSSL: /usr/lib/x86_64-linux-gnu/libcrypto.so (found version "3.0.13")  
[0.672s] -- Found FastRTPS: /opt/ros/jazzy/include (Required is at least version "2.13") 
[0.694s] -- Using RMW implementation 'rmw_fastrtps_cpp' as default
[0.776s] -- Found geometry_msgs: 5.3.6 (/opt/ros/jazzy/share/geometry_msgs/cmake)
[0.807s] -- Found ament_lint_auto: 0.17.3 (/opt/ros/jazzy/share/ament_lint_auto/cmake)
[0.876s] -- Added test 'cppcheck' to perform static code analysis on C / C++ code
[0.876s] -- Configured cppcheck include dirs: $<BUILD_INTERFACE:/home/wonho/roscpp_test/src/my_first_package_cpp/include>
[0.876s] -- Configured cppcheck exclude dirs and/or files: 
[0.876s] -- Added test 'lint_cmake' to check CMake code style
[0.877s] -- Added test 'uncrustify' to check C / C++ code style
[0.877s] -- Configured uncrustify additional arguments: 
[0.877s] -- Added test 'xmllint' to check XML markup files
[0.878s] -- Configuring done (0.8s)
[0.884s] -- Generating done (0.0s)
[0.887s] -- Build files have been written to: /home/wonho/roscpp_test/build/my_first_package_cpp
[0.925s] [ 25%] [32m[1mLinking CXX executable my_subscription_cpp[0m
[0.926s] [ 75%] Built target my_first_node_cpp
[0.939s] /usr/bin/ld: cannot find -lrclcpp: No such file or directory
[0.939s] /usr/bin/ld: cannot find -lgeometry_msgs: No such file or directory
[0.947s] collect2: error: ld returned 1 exit status
[0.950s] gmake[2]: *** [CMakeFiles/my_subscription_cpp.dir/build.make:97: my_subscription_cpp] Error 1
[0.950s] gmake[1]: *** [CMakeFiles/Makefile2:165: CMakeFiles/my_subscription_cpp.dir/all] Error 2
[0.950s] gmake: *** [Makefile:146: all] Error 2
[0.953s] Invoked command in '/home/wonho/roscpp_test/build/my_first_package_cpp' returned '2': CMAKE_PREFIX_PATH=${CMAKE_PREFIX_PATH}:/home/wonho/addInEdu_devWs/basicClass/ros/ros7/install/my_first_package:/opt/ros/jazzy DEBUGINFOD_URLS=https://debuginfod.ubuntu.com /usr/bin/cmake --build /home/wonho/roscpp_test/build/my_first_package_cpp -- -j16 -l16
